Using pre-set license
Built from '2020.3/release' branch; Version is '2020.3.12f1 (b3b2c6512326) revision 11776710'; Using compiler version '192528614'; Build Type 'Release'
OS: 'Windows 10 Home Single Language; OS build 19042.1083; Version 2009; 64bit' Language: 'ru' Physical Memory: 7103 MB
BatchMode: 1, IsHumanControllingUs: 0, StartBugReporterOnCrash: 0, Is64bit: 1, IsPro: 0

 COMMAND LINE ARGUMENTS:
D:\Programming\Unity\Hub\Editor\Editor\Unity.exe
-adb2
-batchMode
-noUpm
-name
AssetImportWorker0
-projectPath
D:/Programming/UnityProjects/Day&Night
-logFile
Logs/AssetImportWorker0.log
-srvPort
55488
Successfully changed project path to: D:/Programming/UnityProjects/Day&Night
D:/Programming/UnityProjects/Day&Night
Using Asset Import Pipeline V2.
Refreshing native plugins compatible for Editor in 63.38 ms, found 2 plugins.
Preloading 0 native plugins for Editor in 0.00 ms.
Initialize engine version: 2020.3.12f1 (b3b2c6512326)
[Subsystems] Discovering subsystems at path D:/Programming/Unity/Hub/Editor/Editor/Data/Resources/UnitySubsystems
[Subsystems] Discovering subsystems at path D:/Programming/UnityProjects/Day&Night/Assets
GfxDevice: creating device client; threaded=0
Direct3D:
    Version:  Direct3D 11.0 [level 11.1]
    Renderer: AMD Radeon(TM) Vega 8 Graphics (ID=0x15d8)
    Vendor:   
    VRAM:     3551 MB
    Driver:   26.20.11030.22001
Initialize mono
Mono path[0] = 'D:/Programming/Unity/Hub/Editor/Editor/Data/Managed'
Mono path[1] = 'D:/Programming/Unity/Hub/Editor/Editor/Data/MonoBleedingEdge/lib/mono/unityjit'
Mono config path = 'D:/Programming/Unity/Hub/Editor/Editor/Data/MonoBleedingEdge/etc'
Using monoOptions --debugger-agent=transport=dt_socket,embedding=1,server=y,suspend=n,address=127.0.0.1:56420
Begin MonoManager ReloadAssembly
Registering precompiled unity dll's ...
Register platform support module: D:/Programming/Unity/Hub/Editor/Editor/Data/PlaybackEngines/WindowsStandaloneSupport/UnityEditor.WindowsStandalone.Extensions.dll
Registered in 0.001999 seconds.
Native extension for WindowsStandalone target not found
Refreshing native plugins compatible for Editor in 48.93 ms, found 2 plugins.
Preloading 0 native plugins for Editor in 0.00 ms.
Mono: successfully reloaded assembly
- Completed reload, in  2.077 seconds
Platform modules already initialized, skipping
Registering precompiled user dll's ...
Registered in 0.006396 seconds.
Begin MonoManager ReloadAssembly
Native extension for WindowsStandalone target not found
Refreshing native plugins compatible for Editor in 1.70 ms, found 2 plugins.
Preloading 0 native plugins for Editor in 0.00 ms.
Mono: successfully reloaded assembly
- Completed reload, in  1.924 seconds
Platform modules already initialized, skipping
========================================================================
Worker process is ready to serve import requests
Launched and connected shader compiler UnityShaderCompiler.exe after 0.12 seconds
Refreshing native plugins compatible for Editor in 0.88 ms, found 2 plugins.
Preloading 0 native plugins for Editor in 0.00 ms.
Unloading 2092 Unused Serialized files (Serialized files now loaded: 0)
System memory in use before: 98.2 MB.
System memory in use after: 98.3 MB.

Unloading 59 unused Assets to reduce memory usage. Loaded Objects now: 2511.
Total: 15.019300 ms (FindLiveObjects: 0.386900 ms CreateObjectMapping: 0.112500 ms MarkObjects: 14.309100 ms  DeleteObjects: 0.207700 ms)

AssetImportParameters requested are different than current active one (requested -> active):
  custom:framework-win-MediaFoundation: 216162199b28c13a410421893ffa2e32 -> 
  custom:video-decoder-ogg-theora: a1e56fd34408186e4bbccfd4996cb3dc -> 
  custom:container-muxer-webm: aa71ff27fc2769a1b78a27578f13a17b -> 
  custom:container-demuxer-webm: 4f35f7cbe854078d1ac9338744f61a02 -> 
  custom:container-demuxer-ogg: 62fdf1f143b41e24485cea50d1cbac27 -> 
  custom:video-encoder-webm-vp8: eb34c28f22e8b96e1ab97ce403110664 -> 
  custom:video-codec-MediaFoundation-h265: 746d11721c4dcdbdad8f713fa42b33f4 -> 
  custom:video-decoder-webm-vp8: 9c59270c3fd7afecdb556c50c9e8de78 -> 
  custom:audio-decoder-ogg-vorbis: bf7c407c2cedff20999df2af8eb42d56 -> 
  custom:audio-encoder-webm-vorbis: bf7c407c2cedff20999df2af8eb42d56 -> 
========================================================================
Received Import Request.
  path: Assets/Palettes/Foreground Tiles.prefab
  artifactKey: Guid(ba9922a32299def43bdb8d7be232d2b4) Importer(815301076,1909f56bfc062723c751e8b465ee728b)
Start importing Assets/Palettes/Foreground Tiles.prefab using Guid(ba9922a32299def43bdb8d7be232d2b4) Importer(815301076,1909f56bfc062723c751e8b465ee728b)  -> (artifact id: '6d17de6e892722dd028f5a5c1e62b16d') in 0.123627 seconds 
  Import took 0.129842 seconds .

========================================================================
Received Import Request.
  Time since last request: 0.001233 seconds.
  path: Assets/Palettes/Ground tiles.prefab
  artifactKey: Guid(52c5c7fd556a2e742bb5f41ad5db51b7) Importer(815301076,1909f56bfc062723c751e8b465ee728b)
Start importing Assets/Palettes/Ground tiles.prefab using Guid(52c5c7fd556a2e742bb5f41ad5db51b7) Importer(815301076,1909f56bfc062723c751e8b465ee728b)  -> (artifact id: '0296a475e40853feac2e6507739a6e8b') in 0.011849 seconds 
  Import took 0.019706 seconds .

========================================================================
Received Import Request.
  Time since last request: 26.997358 seconds.
  path: Assets/Palettes/Foreground Tiles.prefab
  artifactKey: Guid(ba9922a32299def43bdb8d7be232d2b4) Importer(815301076,1909f56bfc062723c751e8b465ee728b)
Start importing Assets/Palettes/Foreground Tiles.prefab using Guid(ba9922a32299def43bdb8d7be232d2b4) Importer(815301076,1909f56bfc062723c751e8b465ee728b)  -> (artifact id: 'a78b222702522f18f16dbf1c410e3576') in 0.009564 seconds 
  Import took 0.013860 seconds .

========================================================================
Received Import Request.
  Time since last request: 26.359587 seconds.
  path: Assets/Sprites/GameTileSet 1.png
  artifactKey: Guid(f86803aabd3bdf748beda9738fc415e5) Importer(815301076,1909f56bfc062723c751e8b465ee728b)
Start importing Assets/Sprites/GameTileSet 1.png using Guid(f86803aabd3bdf748beda9738fc415e5) Importer(815301076,1909f56bfc062723c751e8b465ee728b)  -> (artifact id: 'b2d00ba1784dca67c478651e91f896bf') in 0.339902 seconds 
  Import took 0.347558 seconds .

========================================================================
Received Import Request.
  Time since last request: 15.855899 seconds.
  path: Assets/Sprites/ForegroundTileset.png
  artifactKey: Guid(f86803aabd3bdf748beda9738fc415e5) Importer(815301076,1909f56bfc062723c751e8b465ee728b)
Start importing Assets/Sprites/ForegroundTileset.png using Guid(f86803aabd3bdf748beda9738fc415e5) Importer(815301076,1909f56bfc062723c751e8b465ee728b)  -> (artifact id: '229dba6082c7899fc04c658f2d8ba739') in 0.141364 seconds 
  Import took 0.147173 seconds .

========================================================================
Received Import Request.
  Time since last request: 240.702830 seconds.
  path: Assets/Tiles/GameTileSet_0.asset
  artifactKey: Guid(5297fe370858f4b4fb611610027b880a) Importer(815301076,1909f56bfc062723c751e8b465ee728b)
Start importing Assets/Tiles/GameTileSet_0.asset using Guid(5297fe370858f4b4fb611610027b880a) Importer(815301076,1909f56bfc062723c751e8b465ee728b)  -> (artifact id: 'bd077c020606c4f1880faa6f3b95043f') in 0.040204 seconds 
  Import took 0.048624 seconds .

========================================================================
Received Import Request.
  Time since last request: 0.002279 seconds.
  path: Assets/Tiles/GameTileSet_0.asset
  artifactKey: Guid(5297fe370858f4b4fb611610027b880a) Importer(815301076,1909f56bfc062723c751e8b465ee728b)
Start importing Assets/Tiles/GameTileSet_0.asset using Guid(5297fe370858f4b4fb611610027b880a) Importer(815301076,1909f56bfc062723c751e8b465ee728b)  -> (artifact id: 'bd077c020606c4f1880faa6f3b95043f') in 0.013102 seconds 
  Import took 0.018495 seconds .

========================================================================
Received Import Request.
  Time since last request: 81.201856 seconds.
  path: Assets/Foreground Tiles/GameTileSet_0.asset
  artifactKey: Guid(45578457da14804488a45da876cd9623) Importer(815301076,1909f56bfc062723c751e8b465ee728b)
Start importing Assets/Foreground Tiles/GameTileSet_0.asset using Guid(45578457da14804488a45da876cd9623) Importer(815301076,1909f56bfc062723c751e8b465ee728b)  -> (artifact id: '926f4d0b28319339a1d1fd9abfa4ea26') in 0.019661 seconds 
  Import took 0.028975 seconds .

========================================================================
Received Import Request.
  Time since last request: 1.529673 seconds.
  path: Assets/Foreground Tiles
  artifactKey: Guid(14d1f178eb1263a4b82a2c1531c6b8d6) Importer(815301076,1909f56bfc062723c751e8b465ee728b)
Start importing Assets/Foreground Tiles using Guid(14d1f178eb1263a4b82a2c1531c6b8d6) Importer(815301076,1909f56bfc062723c751e8b465ee728b)  -> (artifact id: 'c29b462355f39383fab4bf7c8e386875') in 0.005664 seconds 
  Import took 0.012414 seconds .

========================================================================
Received Import Request.
  Time since last request: 0.001916 seconds.
  path: Assets/Foreground Tiles
  artifactKey: Guid(14d1f178eb1263a4b82a2c1531c6b8d6) Importer(815301076,1909f56bfc062723c751e8b465ee728b)
Start importing Assets/Foreground Tiles using Guid(14d1f178eb1263a4b82a2c1531c6b8d6) Importer(815301076,1909f56bfc062723c751e8b465ee728b)  -> (artifact id: 'c29b462355f39383fab4bf7c8e386875') in 0.006944 seconds 
  Import took 0.015799 seconds .

========================================================================
Received Import Request.
  Time since last request: 4.198079 seconds.
  path: Assets/Foreground Tiles/GameTileSet_43.asset
  artifactKey: Guid(4ca81b463de45274dae86eda2d29176a) Importer(815301076,1909f56bfc062723c751e8b465ee728b)
Start importing Assets/Foreground Tiles/GameTileSet_43.asset using Guid(4ca81b463de45274dae86eda2d29176a) Importer(815301076,1909f56bfc062723c751e8b465ee728b)  -> (artifact id: '7747dcef187e2a8995b73e85571cceee') in 0.016667 seconds 
  Import took 0.023889 seconds .

========================================================================
Received Prepare
Registering precompiled user dll's ...
Registered in 0.010056 seconds.
Begin MonoManager ReloadAssembly
Native extension for WindowsStandalone target not found
Refreshing native plugins compatible for Editor in 1.26 ms, found 2 plugins.
Preloading 0 native plugins for Editor in 0.00 ms.
Mono: successfully reloaded assembly
- Completed reload, in  2.116 seconds
Platform modules already initialized, skipping
Refreshing native plugins compatible for Editor in 1.13 ms, found 2 plugins.
Preloading 0 native plugins for Editor in 0.00 ms.
Unloading 2084 Unused Serialized files (Serialized files now loaded: 0)
System memory in use before: 101.0 MB.
System memory in use after: 101.1 MB.

Unloading 50 unused Assets to reduce memory usage. Loaded Objects now: 2523.
Total: 8.803400 ms (FindLiveObjects: 0.428000 ms CreateObjectMapping: 0.083400 ms MarkObjects: 8.235000 ms  DeleteObjects: 0.055100 ms)

AssetImportParameters requested are different than current active one (requested -> active):
  custom:framework-win-MediaFoundation: 216162199b28c13a410421893ffa2e32 -> 
  custom:video-decoder-ogg-theora: a1e56fd34408186e4bbccfd4996cb3dc -> 
  custom:container-muxer-webm: aa71ff27fc2769a1b78a27578f13a17b -> 
  custom:container-demuxer-webm: 4f35f7cbe854078d1ac9338744f61a02 -> 
  custom:container-demuxer-ogg: 62fdf1f143b41e24485cea50d1cbac27 -> 
  custom:video-encoder-webm-vp8: eb34c28f22e8b96e1ab97ce403110664 -> 
  custom:video-codec-MediaFoundation-h265: 746d11721c4dcdbdad8f713fa42b33f4 -> 
  custom:video-decoder-webm-vp8: 9c59270c3fd7afecdb556c50c9e8de78 -> 
  custom:audio-decoder-ogg-vorbis: bf7c407c2cedff20999df2af8eb42d56 -> 
  custom:audio-encoder-webm-vorbis: bf7c407c2cedff20999df2af8eb42d56 -> 
========================================================================
Received Import Request.
  Time since last request: 63178.796643 seconds.
  path: ProjectSettings/TagManager.asset
  artifactKey: Guid(00000000000000003000000000000000) Importer(815301076,1909f56bfc062723c751e8b465ee728b)
Start importing ProjectSettings/TagManager.asset using Guid(00000000000000003000000000000000) Importer(815301076,1909f56bfc062723c751e8b465ee728b)  -> (artifact id: 'cc66584f92417b9cda32eca1dd550405') in 0.030828 seconds 
  Import took 0.039521 seconds .

========================================================================
Received Import Request.
  Time since last request: 0.010948 seconds.
  path: ProjectSettings/TagManager.asset
  artifactKey: Guid(00000000000000003000000000000000) Importer(815301076,1909f56bfc062723c751e8b465ee728b)
Start importing ProjectSettings/TagManager.asset using Guid(00000000000000003000000000000000) Importer(815301076,1909f56bfc062723c751e8b465ee728b)  -> (artifact id: 'cc66584f92417b9cda32eca1dd550405') in 0.007781 seconds 
  Import took 0.015904 seconds .

========================================================================
Received Prepare
Registering precompiled user dll's ...
Registered in 0.013267 seconds.
Begin MonoManager ReloadAssembly
Native extension for WindowsStandalone target not found
Refreshing native plugins compatible for Editor in 1.41 ms, found 2 plugins.
Preloading 0 native plugins for Editor in 0.00 ms.
Mono: successfully reloaded assembly
- Completed reload, in  2.596 seconds
Platform modules already initialized, skipping
Refreshing native plugins compatible for Editor in 1.25 ms, found 2 plugins.
Preloading 0 native plugins for Editor in 0.00 ms.
Unloading 2084 Unused Serialized files (Serialized files now loaded: 0)
System memory in use before: 101.0 MB.
System memory in use after: 101.1 MB.

Unloading 52 unused Assets to reduce memory usage. Loaded Objects now: 2526.
Total: 13.646700 ms (FindLiveObjects: 0.510000 ms CreateObjectMapping: 0.131300 ms MarkObjects: 12.889900 ms  DeleteObjects: 0.111900 ms)

AssetImportParameters requested are different than current active one (requested -> active):
  custom:framework-win-MediaFoundation: 216162199b28c13a410421893ffa2e32 -> 
  custom:video-decoder-ogg-theora: a1e56fd34408186e4bbccfd4996cb3dc -> 
  custom:container-muxer-webm: aa71ff27fc2769a1b78a27578f13a17b -> 
  custom:container-demuxer-webm: 4f35f7cbe854078d1ac9338744f61a02 -> 
  custom:container-demuxer-ogg: 62fdf1f143b41e24485cea50d1cbac27 -> 
  custom:video-encoder-webm-vp8: eb34c28f22e8b96e1ab97ce403110664 -> 
  custom:video-codec-MediaFoundation-h265: 746d11721c4dcdbdad8f713fa42b33f4 -> 
  custom:video-decoder-webm-vp8: 9c59270c3fd7afecdb556c50c9e8de78 -> 
  custom:audio-decoder-ogg-vorbis: bf7c407c2cedff20999df2af8eb42d56 -> 
  custom:audio-encoder-webm-vorbis: bf7c407c2cedff20999df2af8eb42d56 -> 
========================================================================
Received Prepare
Registering precompiled user dll's ...
Registered in 0.018443 seconds.
Begin MonoManager ReloadAssembly
Native extension for WindowsStandalone target not found
Refreshing native plugins compatible for Editor in 2.29 ms, found 2 plugins.
Preloading 0 native plugins for Editor in 0.00 ms.
Mono: successfully reloaded assembly
- Completed reload, in  2.719 seconds
Platform modules already initialized, skipping
Refreshing native plugins compatible for Editor in 2.41 ms, found 2 plugins.
Preloading 0 native plugins for Editor in 0.00 ms.
Unloading 2084 Unused Serialized files (Serialized files now loaded: 0)
System memory in use before: 101.0 MB.
System memory in use after: 101.2 MB.

Unloading 50 unused Assets to reduce memory usage. Loaded Objects now: 2529.
Total: 17.062200 ms (FindLiveObjects: 0.566800 ms CreateObjectMapping: 0.142500 ms MarkObjects: 16.267900 ms  DeleteObjects: 0.081000 ms)

AssetImportParameters requested are different than current active one (requested -> active):
  custom:framework-win-MediaFoundation: 216162199b28c13a410421893ffa2e32 -> 
  custom:video-decoder-ogg-theora: a1e56fd34408186e4bbccfd4996cb3dc -> 
  custom:container-muxer-webm: aa71ff27fc2769a1b78a27578f13a17b -> 
  custom:container-demuxer-webm: 4f35f7cbe854078d1ac9338744f61a02 -> 
  custom:container-demuxer-ogg: 62fdf1f143b41e24485cea50d1cbac27 -> 
  custom:video-encoder-webm-vp8: eb34c28f22e8b96e1ab97ce403110664 -> 
  custom:video-codec-MediaFoundation-h265: 746d11721c4dcdbdad8f713fa42b33f4 -> 
  custom:video-decoder-webm-vp8: 9c59270c3fd7afecdb556c50c9e8de78 -> 
  custom:audio-decoder-ogg-vorbis: bf7c407c2cedff20999df2af8eb42d56 -> 
  custom:audio-encoder-webm-vorbis: bf7c407c2cedff20999df2af8eb42d56 -> 
========================================================================
Received Prepare
Registering precompiled user dll's ...
Registered in 0.009093 seconds.
Begin MonoManager ReloadAssembly
Native extension for WindowsStandalone target not found
Refreshing native plugins compatible for Editor in 1.69 ms, found 2 plugins.
Preloading 0 native plugins for Editor in 0.00 ms.
Mono: successfully reloaded assembly
- Completed reload, in  1.638 seconds
Platform modules already initialized, skipping
Refreshing native plugins compatible for Editor in 1.17 ms, found 2 plugins.
Preloading 0 native plugins for Editor in 0.00 ms.
Unloading 2084 Unused Serialized files (Serialized files now loaded: 0)
System memory in use before: 101.1 MB.
System memory in use after: 101.2 MB.

Unloading 50 unused Assets to reduce memory usage. Loaded Objects now: 2532.
Total: 15.317600 ms (FindLiveObjects: 0.524500 ms CreateObjectMapping: 0.200900 ms MarkObjects: 14.495700 ms  DeleteObjects: 0.093000 ms)

AssetImportParameters requested are different than current active one (requested -> active):
  custom:framework-win-MediaFoundation: 216162199b28c13a410421893ffa2e32 -> 
  custom:video-decoder-ogg-theora: a1e56fd34408186e4bbccfd4996cb3dc -> 
  custom:container-muxer-webm: aa71ff27fc2769a1b78a27578f13a17b -> 
  custom:container-demuxer-webm: 4f35f7cbe854078d1ac9338744f61a02 -> 
  custom:container-demuxer-ogg: 62fdf1f143b41e24485cea50d1cbac27 -> 
  custom:video-encoder-webm-vp8: eb34c28f22e8b96e1ab97ce403110664 -> 
  custom:video-codec-MediaFoundation-h265: 746d11721c4dcdbdad8f713fa42b33f4 -> 
  custom:video-decoder-webm-vp8: 9c59270c3fd7afecdb556c50c9e8de78 -> 
  custom:audio-decoder-ogg-vorbis: bf7c407c2cedff20999df2af8eb42d56 -> 
  custom:audio-encoder-webm-vorbis: bf7c407c2cedff20999df2af8eb42d56 -> 
========================================================================
Received Import Request.
  Time since last request: 22171.623660 seconds.
  path: Assets/Sprites/Background/DayBG.png
  artifactKey: Guid(411b1382c3f6c814b8d3cbd9c1e94a9e) Importer(815301076,1909f56bfc062723c751e8b465ee728b)
Start importing Assets/Sprites/Background/DayBG.png using Guid(411b1382c3f6c814b8d3cbd9c1e94a9e) Importer(815301076,1909f56bfc062723c751e8b465ee728b)  -> (artifact id: 'e953d0a68e4fa045b65f79bc01e0ce94') in 0.118194 seconds 
  Import took 0.124367 seconds .

========================================================================
Received Import Request.
  Time since last request: 54.721137 seconds.
  path: Assets/Sprites/Background/DayBG.png
  artifactKey: Guid(411b1382c3f6c814b8d3cbd9c1e94a9e) Importer(815301076,1909f56bfc062723c751e8b465ee728b)
Start importing Assets/Sprites/Background/DayBG.png using Guid(411b1382c3f6c814b8d3cbd9c1e94a9e) Importer(815301076,1909f56bfc062723c751e8b465ee728b)  -> (artifact id: '2f39453037a0f9d1029a9f0310416150') in 0.019725 seconds 
  Import took 0.026991 seconds .

========================================================================
Received Import Request.
  Time since last request: 10.620296 seconds.
  path: Assets/Sprites/Background/DayBG.png
  artifactKey: Guid(411b1382c3f6c814b8d3cbd9c1e94a9e) Importer(815301076,1909f56bfc062723c751e8b465ee728b)
Start importing Assets/Sprites/Background/DayBG.png using Guid(411b1382c3f6c814b8d3cbd9c1e94a9e) Importer(815301076,1909f56bfc062723c751e8b465ee728b)  -> (artifact id: 'fd6d4c105961ae19ed2f27c74516c91a') in 0.023940 seconds 
  Import took 0.032143 seconds .

========================================================================
Received Import Request.
  Time since last request: 0.037914 seconds.
  path: Assets/Sprites/Background/DayBG.png
  artifactKey: Guid(411b1382c3f6c814b8d3cbd9c1e94a9e) Importer(815301076,1909f56bfc062723c751e8b465ee728b)
Start importing Assets/Sprites/Background/DayBG.png using Guid(411b1382c3f6c814b8d3cbd9c1e94a9e) Importer(815301076,1909f56bfc062723c751e8b465ee728b)  -> (artifact id: 'fd6d4c105961ae19ed2f27c74516c91a') in 0.019543 seconds 
  Import took 0.024927 seconds .

========================================================================
Received Import Request.
  Time since last request: 78.524934 seconds.
  path: Assets/Sprites/Background/DayBG.png
  artifactKey: Guid(411b1382c3f6c814b8d3cbd9c1e94a9e) Importer(815301076,1909f56bfc062723c751e8b465ee728b)
Start importing Assets/Sprites/Background/DayBG.png using Guid(411b1382c3f6c814b8d3cbd9c1e94a9e) Importer(815301076,1909f56bfc062723c751e8b465ee728b)  -> (artifact id: '58c54823239e6c3a289be6f4814573f4') in 0.020240 seconds 
  Import took 0.025591 seconds .

========================================================================
Received Import Request.
  Time since last request: 8.879237 seconds.
  path: Assets/Sprites/Background/DayBG.png
  artifactKey: Guid(411b1382c3f6c814b8d3cbd9c1e94a9e) Importer(815301076,1909f56bfc062723c751e8b465ee728b)
Start importing Assets/Sprites/Background/DayBG.png using Guid(411b1382c3f6c814b8d3cbd9c1e94a9e) Importer(815301076,1909f56bfc062723c751e8b465ee728b)  -> (artifact id: 'd3772babc13a4590c6567f1dc4005c0b') in 0.020967 seconds 
  Import took 0.028934 seconds .

========================================================================
Received Import Request.
  Time since last request: 5.939607 seconds.
  path: Assets/Sprites/Background/DayBG.png
  artifactKey: Guid(411b1382c3f6c814b8d3cbd9c1e94a9e) Importer(815301076,1909f56bfc062723c751e8b465ee728b)
Start importing Assets/Sprites/Background/DayBG.png using Guid(411b1382c3f6c814b8d3cbd9c1e94a9e) Importer(815301076,1909f56bfc062723c751e8b465ee728b)  -> (artifact id: 'c4ea779c94f467023b5603463b37eb8c') in 0.019709 seconds 
  Import took 0.025035 seconds .

========================================================================
Received Import Request.
  Time since last request: 3.540123 seconds.
  path: Assets/Sprites/Background/DayBG.png
  artifactKey: Guid(411b1382c3f6c814b8d3cbd9c1e94a9e) Importer(815301076,1909f56bfc062723c751e8b465ee728b)
Start importing Assets/Sprites/Background/DayBG.png using Guid(411b1382c3f6c814b8d3cbd9c1e94a9e) Importer(815301076,1909f56bfc062723c751e8b465ee728b)  -> (artifact id: '7fb1487a25c5dc604f0b145cce565f67') in 0.020162 seconds 
  Import took 0.025538 seconds .

========================================================================
Received Import Request.
  Time since last request: 3.806831 seconds.
  path: Assets/Sprites/Background/DayBG.png
  artifactKey: Guid(411b1382c3f6c814b8d3cbd9c1e94a9e) Importer(815301076,1909f56bfc062723c751e8b465ee728b)
Start importing Assets/Sprites/Background/DayBG.png using Guid(411b1382c3f6c814b8d3cbd9c1e94a9e) Importer(815301076,1909f56bfc062723c751e8b465ee728b)  -> (artifact id: 'dd2c7e1d248a0e36ceb7a385e14d05c4') in 0.020083 seconds 
  Import took 0.025503 seconds .

========================================================================
Received Prepare
Registering precompiled user dll's ...
Registered in 0.010836 seconds.
Begin MonoManager ReloadAssembly
Native extension for WindowsStandalone target not found
Refreshing native plugins compatible for Editor in 1.02 ms, found 2 plugins.
Preloading 0 native plugins for Editor in 0.00 ms.
Mono: successfully reloaded assembly
- Completed reload, in  1.607 seconds
Platform modules already initialized, skipping
Refreshing native plugins compatible for Editor in 1.09 ms, found 2 plugins.
Preloading 0 native plugins for Editor in 0.00 ms.
Unloading 2084 Unused Serialized files (Serialized files now loaded: 0)
System memory in use before: 101.1 MB.
System memory in use after: 101.2 MB.

Unloading 50 unused Assets to reduce memory usage. Loaded Objects now: 2538.
Total: 8.161900 ms (FindLiveObjects: 0.269700 ms CreateObjectMapping: 0.061800 ms MarkObjects: 7.752100 ms  DeleteObjects: 0.075700 ms)

AssetImportParameters requested are different than current active one (requested -> active):
  custom:framework-win-MediaFoundation: 216162199b28c13a410421893ffa2e32 -> 
  custom:video-decoder-ogg-theora: a1e56fd34408186e4bbccfd4996cb3dc -> 
  custom:container-muxer-webm: aa71ff27fc2769a1b78a27578f13a17b -> 
  custom:container-demuxer-webm: 4f35f7cbe854078d1ac9338744f61a02 -> 
  custom:container-demuxer-ogg: 62fdf1f143b41e24485cea50d1cbac27 -> 
  custom:video-encoder-webm-vp8: eb34c28f22e8b96e1ab97ce403110664 -> 
  custom:video-codec-MediaFoundation-h265: 746d11721c4dcdbdad8f713fa42b33f4 -> 
  custom:video-decoder-webm-vp8: 9c59270c3fd7afecdb556c50c9e8de78 -> 
  custom:audio-decoder-ogg-vorbis: bf7c407c2cedff20999df2af8eb42d56 -> 
  custom:audio-encoder-webm-vorbis: bf7c407c2cedff20999df2af8eb42d56 -> 
========================================================================
Received Import Request.
  Time since last request: 2180.564172 seconds.
  path: Assets/Sprites/Background/Background 1.png
  artifactKey: Guid(4724a0639f64cc9448b23a1e14522edd) Importer(815301076,1909f56bfc062723c751e8b465ee728b)
Start importing Assets/Sprites/Background/Background 1.png using Guid(4724a0639f64cc9448b23a1e14522edd) Importer(815301076,1909f56bfc062723c751e8b465ee728b)  -> (artifact id: '832395d369dacb252c73abe5f865008b') in 0.150034 seconds 
  Import took 0.158065 seconds .

========================================================================
Received Import Request.
  Time since last request: 0.203843 seconds.
  path: Assets/Sprites/Background/Background 0.png
  artifactKey: Guid(97c1482f955ed494b8a47b88b015c91e) Importer(815301076,1909f56bfc062723c751e8b465ee728b)
Start importing Assets/Sprites/Background/Background 0.png using Guid(97c1482f955ed494b8a47b88b015c91e) Importer(815301076,1909f56bfc062723c751e8b465ee728b)  -> (artifact id: '7034d9e640cbc5cd72c789a9958f1d43') in 0.028847 seconds 
  Import took 0.035059 seconds .

========================================================================
Received Import Request.
  Time since last request: 15.517462 seconds.
  path: Assets/Sprites/Background/Background 3.png
  artifactKey: Guid(4895c5feecb5b834a9d3a1f190cfbd4d) Importer(815301076,1909f56bfc062723c751e8b465ee728b)
Start importing Assets/Sprites/Background/Background 3.png using Guid(4895c5feecb5b834a9d3a1f190cfbd4d) Importer(815301076,1909f56bfc062723c751e8b465ee728b)  -> (artifact id: '58367b490d9431cdabefc9d4634f9c39') in 0.031912 seconds 
  Import took 0.038705 seconds .

========================================================================
Received Import Request.
  Time since last request: 0.557413 seconds.
  path: Assets/Sprites/Background/Background 4.png
  artifactKey: Guid(2c1a1d51402197c419bc06a7409ccaf2) Importer(815301076,1909f56bfc062723c751e8b465ee728b)
Start importing Assets/Sprites/Background/Background 4.png using Guid(2c1a1d51402197c419bc06a7409ccaf2) Importer(815301076,1909f56bfc062723c751e8b465ee728b)  -> (artifact id: 'd581a39325766c24fb038836af87d818') in 0.039880 seconds 
  Import took 0.049047 seconds .

========================================================================
Received Import Request.
  Time since last request: 18.697383 seconds.
  path: Assets/Sprites/Background/Background 4.png
  artifactKey: Guid(2c1a1d51402197c419bc06a7409ccaf2) Importer(815301076,1909f56bfc062723c751e8b465ee728b)
Start importing Assets/Sprites/Background/Background 4.png using Guid(2c1a1d51402197c419bc06a7409ccaf2) Importer(815301076,1909f56bfc062723c751e8b465ee728b)  -> (artifact id: '99522fc53d8e3fa0773ab171a5ac7676') in 0.031105 seconds 
  Import took 0.036926 seconds .

========================================================================
Received Import Request.
  Time since last request: 0.952584 seconds.
  path: Assets/Sprites/Background/Background 1.png
  artifactKey: Guid(4724a0639f64cc9448b23a1e14522edd) Importer(815301076,1909f56bfc062723c751e8b465ee728b)
Start importing Assets/Sprites/Background/Background 1.png using Guid(4724a0639f64cc9448b23a1e14522edd) Importer(815301076,1909f56bfc062723c751e8b465ee728b)  -> (artifact id: '7be321cf46ac0f65293ec4b2bcf8c21d') in 0.029765 seconds 
  Import took 0.038870 seconds .

========================================================================
Received Import Request.
  Time since last request: 0.674197 seconds.
  path: Assets/Sprites/Background/Background 0.png
  artifactKey: Guid(97c1482f955ed494b8a47b88b015c91e) Importer(815301076,1909f56bfc062723c751e8b465ee728b)
Start importing Assets/Sprites/Background/Background 0.png using Guid(97c1482f955ed494b8a47b88b015c91e) Importer(815301076,1909f56bfc062723c751e8b465ee728b)  -> (artifact id: 'fa5f1c2d95e15fe43a8a5912d17ef897') in 0.032194 seconds 
  Import took 0.039661 seconds .

========================================================================
Received Import Request.
  Time since last request: 13.787311 seconds.
  path: Assets/Sprites/Background/Background 3.png
  artifactKey: Guid(4895c5feecb5b834a9d3a1f190cfbd4d) Importer(815301076,1909f56bfc062723c751e8b465ee728b)
Start importing Assets/Sprites/Background/Background 3.png using Guid(4895c5feecb5b834a9d3a1f190cfbd4d) Importer(815301076,1909f56bfc062723c751e8b465ee728b)  -> (artifact id: '12e7ae0371bfa494424381af02881228') in 0.023641 seconds 
  Import took 0.031901 seconds .

========================================================================
Received Import Request.
  Time since last request: 0.000970 seconds.
  path: Assets/Sprites/Background/Background 3.png
  artifactKey: Guid(4895c5feecb5b834a9d3a1f190cfbd4d) Importer(815301076,1909f56bfc062723c751e8b465ee728b)
Start importing Assets/Sprites/Background/Background 3.png using Guid(4895c5feecb5b834a9d3a1f190cfbd4d) Importer(815301076,1909f56bfc062723c751e8b465ee728b)  -> (artifact id: '12e7ae0371bfa494424381af02881228') in 0.021011 seconds 
  Import took 0.028902 seconds .

========================================================================
Received Import Request.
  Time since last request: 5.809844 seconds.
  path: Assets/Sprites/Background/Background 4.png
  artifactKey: Guid(2c1a1d51402197c419bc06a7409ccaf2) Importer(815301076,1909f56bfc062723c751e8b465ee728b)
Start importing Assets/Sprites/Background/Background 4.png using Guid(2c1a1d51402197c419bc06a7409ccaf2) Importer(815301076,1909f56bfc062723c751e8b465ee728b)  -> (artifact id: '347690dc43eb1aea02f9f5d34869614f') in 0.015963 seconds 
  Import took 0.022671 seconds .

========================================================================
Received Import Request.
  Time since last request: 1.168400 seconds.
  path: Assets/Sprites/Background/Background 0.png
  artifactKey: Guid(97c1482f955ed494b8a47b88b015c91e) Importer(815301076,1909f56bfc062723c751e8b465ee728b)
Start importing Assets/Sprites/Background/Background 0.png using Guid(97c1482f955ed494b8a47b88b015c91e) Importer(815301076,1909f56bfc062723c751e8b465ee728b)  -> (artifact id: '2f10c2ec0f8a6f6a97e0d9d9d8d1554c') in 0.041410 seconds 
  Import took 0.048267 seconds .

========================================================================
Received Import Request.
  Time since last request: 3.371698 seconds.
  path: Assets/Sprites/Background/Background 1.png
  artifactKey: Guid(4724a0639f64cc9448b23a1e14522edd) Importer(815301076,1909f56bfc062723c751e8b465ee728b)
Start importing Assets/Sprites/Background/Background 1.png using Guid(4724a0639f64cc9448b23a1e14522edd) Importer(815301076,1909f56bfc062723c751e8b465ee728b)  -> (artifact id: 'e200aacead0100b9efdfb315965b6471') in 0.022018 seconds 
  Import took 0.030024 seconds .

========================================================================
Received Import Request.
  Time since last request: 0.001375 seconds.
  path: Assets/Sprites/Background/Background 1.png
  artifactKey: Guid(4724a0639f64cc9448b23a1e14522edd) Importer(815301076,1909f56bfc062723c751e8b465ee728b)
Start importing Assets/Sprites/Background/Background 1.png using Guid(4724a0639f64cc9448b23a1e14522edd) Importer(815301076,1909f56bfc062723c751e8b465ee728b)  -> (artifact id: 'e200aacead0100b9efdfb315965b6471') in 0.016760 seconds 
  Import took 0.023029 seconds .

========================================================================
Received Import Request.
  Time since last request: 5.266541 seconds.
  path: Assets/Sprites/Background/Background 2.png
  artifactKey: Guid(0bc9dc9e4a5d17f4abf4b9ec915858d9) Importer(815301076,1909f56bfc062723c751e8b465ee728b)
Start importing Assets/Sprites/Background/Background 2.png using Guid(0bc9dc9e4a5d17f4abf4b9ec915858d9) Importer(815301076,1909f56bfc062723c751e8b465ee728b)  -> (artifact id: 'a23ffceef4588f6fb82fadfd93a6e628') in 0.029755 seconds 
  Import took 0.038429 seconds .

========================================================================
Received Import Request.
  Time since last request: 637.094166 seconds.
  path: Assets/Sprites/Background/Background 3.png
  artifactKey: Guid(4895c5feecb5b834a9d3a1f190cfbd4d) Importer(815301076,1909f56bfc062723c751e8b465ee728b)
Start importing Assets/Sprites/Background/Background 3.png using Guid(4895c5feecb5b834a9d3a1f190cfbd4d) Importer(815301076,1909f56bfc062723c751e8b465ee728b)  -> (artifact id: 'ffbe5d51713d828a9c33c7fc49ae666d') in 0.023470 seconds 
  Import took 0.031112 seconds .

========================================================================
Received Import Request.
  Time since last request: 8.362507 seconds.
  path: Assets/Sprites/Background/Background 6.png
  artifactKey: Guid(b194bf9d4554c384f8fb324070a05dce) Importer(815301076,1909f56bfc062723c751e8b465ee728b)
Start importing Assets/Sprites/Background/Background 6.png using Guid(b194bf9d4554c384f8fb324070a05dce) Importer(815301076,1909f56bfc062723c751e8b465ee728b)  -> (artifact id: 'c5ff853652ef9c070df527e07ad530f0') in 0.033746 seconds 
  Import took 0.041892 seconds .

========================================================================
Received Import Request.
  Time since last request: 0.505235 seconds.
  path: Assets/Sprites/Background/Background 5.png
  artifactKey: Guid(81ca48fdb5d316c4cb02c8449f50d3dc) Importer(815301076,1909f56bfc062723c751e8b465ee728b)
Start importing Assets/Sprites/Background/Background 5.png using Guid(81ca48fdb5d316c4cb02c8449f50d3dc) Importer(815301076,1909f56bfc062723c751e8b465ee728b)  -> (artifact id: '5e8546fc6008e402ffaba75efb74f08d') in 0.031855 seconds 
  Import took 0.041129 seconds .

========================================================================
Received Import Request.
  Time since last request: 5.449733 seconds.
  path: Assets/Sprites/Background/Background 7.png
  artifactKey: Guid(6bcac743f5f0c21439208320c9ff7d2d) Importer(815301076,1909f56bfc062723c751e8b465ee728b)
Start importing Assets/Sprites/Background/Background 7.png using Guid(6bcac743f5f0c21439208320c9ff7d2d) Importer(815301076,1909f56bfc062723c751e8b465ee728b)  -> (artifact id: '4be595437907bb66c4eda6fa148ed028') in 0.032885 seconds 
  Import took 0.040261 seconds .

========================================================================
Received Prepare
Registering precompiled user dll's ...
Registered in 0.007256 seconds.
Begin MonoManager ReloadAssembly
Native extension for WindowsStandalone target not found
Refreshing native plugins compatible for Editor in 0.87 ms, found 2 plugins.
Preloading 0 native plugins for Editor in 0.00 ms.
Mono: successfully reloaded assembly
- Completed reload, in  1.638 seconds
Platform modules already initialized, skipping
Refreshing native plugins compatible for Editor in 0.94 ms, found 2 plugins.
Preloading 0 native plugins for Editor in 0.00 ms.
Unloading 2084 Unused Serialized files (Serialized files now loaded: 0)
System memory in use before: 101.1 MB.
System memory in use after: 101.2 MB.

Unloading 50 unused Assets to reduce memory usage. Loaded Objects now: 2542.
Total: 12.768600 ms (FindLiveObjects: 0.402300 ms CreateObjectMapping: 0.124100 ms MarkObjects: 12.175700 ms  DeleteObjects: 0.064500 ms)

AssetImportParameters requested are different than current active one (requested -> active):
  custom:framework-win-MediaFoundation: 216162199b28c13a410421893ffa2e32 -> 
  custom:video-decoder-ogg-theora: a1e56fd34408186e4bbccfd4996cb3dc -> 
  custom:container-muxer-webm: aa71ff27fc2769a1b78a27578f13a17b -> 
  custom:container-demuxer-webm: 4f35f7cbe854078d1ac9338744f61a02 -> 
  custom:container-demuxer-ogg: 62fdf1f143b41e24485cea50d1cbac27 -> 
  custom:video-encoder-webm-vp8: eb34c28f22e8b96e1ab97ce403110664 -> 
  custom:video-codec-MediaFoundation-h265: 746d11721c4dcdbdad8f713fa42b33f4 -> 
  custom:video-decoder-webm-vp8: 9c59270c3fd7afecdb556c50c9e8de78 -> 
  custom:audio-decoder-ogg-vorbis: bf7c407c2cedff20999df2af8eb42d56 -> 
  custom:audio-encoder-webm-vorbis: bf7c407c2cedff20999df2af8eb42d56 -> 
========================================================================
Received Prepare
Registering precompiled user dll's ...
Registered in 0.007185 seconds.
Begin MonoManager ReloadAssembly
Native extension for WindowsStandalone target not found
Refreshing native plugins compatible for Editor in 0.92 ms, found 2 plugins.
Preloading 0 native plugins for Editor in 0.00 ms.
Mono: successfully reloaded assembly
- Completed reload, in  1.588 seconds
Platform modules already initialized, skipping
Refreshing native plugins compatible for Editor in 0.90 ms, found 2 plugins.
Preloading 0 native plugins for Editor in 0.00 ms.
Unloading 2084 Unused Serialized files (Serialized files now loaded: 0)
System memory in use before: 101.1 MB.
System memory in use after: 101.2 MB.

Unloading 50 unused Assets to reduce memory usage. Loaded Objects now: 2545.
Total: 7.566100 ms (FindLiveObjects: 0.273600 ms CreateObjectMapping: 0.056400 ms MarkObjects: 7.186100 ms  DeleteObjects: 0.048100 ms)

AssetImportParameters requested are different than current active one (requested -> active):
  custom:framework-win-MediaFoundation: 216162199b28c13a410421893ffa2e32 -> 
  custom:video-decoder-ogg-theora: a1e56fd34408186e4bbccfd4996cb3dc -> 
  custom:container-muxer-webm: aa71ff27fc2769a1b78a27578f13a17b -> 
  custom:container-demuxer-webm: 4f35f7cbe854078d1ac9338744f61a02 -> 
  custom:container-demuxer-ogg: 62fdf1f143b41e24485cea50d1cbac27 -> 
  custom:video-encoder-webm-vp8: eb34c28f22e8b96e1ab97ce403110664 -> 
  custom:video-codec-MediaFoundation-h265: 746d11721c4dcdbdad8f713fa42b33f4 -> 
  custom:video-decoder-webm-vp8: 9c59270c3fd7afecdb556c50c9e8de78 -> 
  custom:audio-decoder-ogg-vorbis: bf7c407c2cedff20999df2af8eb42d56 -> 
  custom:audio-encoder-webm-vorbis: bf7c407c2cedff20999df2af8eb42d56 -> 
========================================================================
Received Prepare
Registering precompiled user dll's ...
Registered in 0.005105 seconds.
Begin MonoManager ReloadAssembly
Native extension for WindowsStandalone target not found
Refreshing native plugins compatible for Editor in 0.89 ms, found 2 plugins.
Preloading 0 native plugins for Editor in 0.00 ms.
Mono: successfully reloaded assembly
- Completed reload, in  1.417 seconds
Platform modules already initialized, skipping
Refreshing native plugins compatible for Editor in 1.13 ms, found 2 plugins.
Preloading 0 native plugins for Editor in 0.00 ms.
Unloading 2084 Unused Serialized files (Serialized files now loaded: 0)
System memory in use before: 101.2 MB.
System memory in use after: 101.3 MB.

Unloading 50 unused Assets to reduce memory usage. Loaded Objects now: 2548.
Total: 7.945900 ms (FindLiveObjects: 0.285200 ms CreateObjectMapping: 0.078000 ms MarkObjects: 7.531400 ms  DeleteObjects: 0.049200 ms)

AssetImportParameters requested are different than current active one (requested -> active):
  custom:framework-win-MediaFoundation: 216162199b28c13a410421893ffa2e32 -> 
  custom:video-decoder-ogg-theora: a1e56fd34408186e4bbccfd4996cb3dc -> 
  custom:container-muxer-webm: aa71ff27fc2769a1b78a27578f13a17b -> 
  custom:container-demuxer-webm: 4f35f7cbe854078d1ac9338744f61a02 -> 
  custom:container-demuxer-ogg: 62fdf1f143b41e24485cea50d1cbac27 -> 
  custom:video-encoder-webm-vp8: eb34c28f22e8b96e1ab97ce403110664 -> 
  custom:video-codec-MediaFoundation-h265: 746d11721c4dcdbdad8f713fa42b33f4 -> 
  custom:video-decoder-webm-vp8: 9c59270c3fd7afecdb556c50c9e8de78 -> 
  custom:audio-decoder-ogg-vorbis: bf7c407c2cedff20999df2af8eb42d56 -> 
  custom:audio-encoder-webm-vorbis: bf7c407c2cedff20999df2af8eb42d56 -> 
========================================================================
Received Import Request.
  Time since last request: 77461.618418 seconds.
  path: Assets/Scripts/Paralax.cs
  artifactKey: Guid(2a8eeb954b188b54c96e308a147b67da) Importer(815301076,1909f56bfc062723c751e8b465ee728b)
Start importing Assets/Scripts/Paralax.cs using Guid(2a8eeb954b188b54c96e308a147b67da) Importer(815301076,1909f56bfc062723c751e8b465ee728b)  -> (artifact id: '3de3a1a8cec80cd1270de7265802f5c5') in 0.028649 seconds 
  Import took 0.033705 seconds .

========================================================================
Received Import Request.
  Time since last request: 0.146323 seconds.
  path: Assets/Scripts/Paralax.cs
  artifactKey: Guid(2a8eeb954b188b54c96e308a147b67da) Importer(815301076,1909f56bfc062723c751e8b465ee728b)
Start importing Assets/Scripts/Paralax.cs using Guid(2a8eeb954b188b54c96e308a147b67da) Importer(815301076,1909f56bfc062723c751e8b465ee728b)  -> (artifact id: '3de3a1a8cec80cd1270de7265802f5c5') in 0.004870 seconds 
  Import took 0.010867 seconds .

========================================================================
Received Prepare
Registering precompiled user dll's ...
Registered in 0.006612 seconds.
Begin MonoManager ReloadAssembly
Native extension for WindowsStandalone target not found
Refreshing native plugins compatible for Editor in 0.91 ms, found 2 plugins.
Preloading 0 native plugins for Editor in 0.00 ms.
Mono: successfully reloaded assembly
- Completed reload, in  1.356 seconds
Platform modules already initialized, skipping
Refreshing native plugins compatible for Editor in 0.86 ms, found 2 plugins.
Preloading 0 native plugins for Editor in 0.00 ms.
Unloading 2085 Unused Serialized files (Serialized files now loaded: 0)
System memory in use before: 101.2 MB.
System memory in use after: 101.4 MB.

Unloading 50 unused Assets to reduce memory usage. Loaded Objects now: 2552.
Total: 7.466300 ms (FindLiveObjects: 0.331800 ms CreateObjectMapping: 0.078900 ms MarkObjects: 7.009000 ms  DeleteObjects: 0.044700 ms)

AssetImportParameters requested are different than current active one (requested -> active):
  custom:framework-win-MediaFoundation: 216162199b28c13a410421893ffa2e32 -> 
  custom:video-decoder-ogg-theora: a1e56fd34408186e4bbccfd4996cb3dc -> 
  custom:container-muxer-webm: aa71ff27fc2769a1b78a27578f13a17b -> 
  custom:container-demuxer-webm: 4f35f7cbe854078d1ac9338744f61a02 -> 
  custom:container-demuxer-ogg: 62fdf1f143b41e24485cea50d1cbac27 -> 
  custom:video-encoder-webm-vp8: eb34c28f22e8b96e1ab97ce403110664 -> 
  custom:video-codec-MediaFoundation-h265: 746d11721c4dcdbdad8f713fa42b33f4 -> 
  custom:video-decoder-webm-vp8: 9c59270c3fd7afecdb556c50c9e8de78 -> 
  custom:audio-decoder-ogg-vorbis: bf7c407c2cedff20999df2af8eb42d56 -> 
  custom:audio-encoder-webm-vorbis: bf7c407c2cedff20999df2af8eb42d56 -> 
========================================================================
Received Prepare
Registering precompiled user dll's ...
Registered in 0.005553 seconds.
Begin MonoManager ReloadAssembly
Native extension for WindowsStandalone target not found
Refreshing native plugins compatible for Editor in 0.90 ms, found 2 plugins.
Preloading 0 native plugins for Editor in 0.00 ms.
Mono: successfully reloaded assembly
- Completed reload, in  1.293 seconds
Platform modules already initialized, skipping
Refreshing native plugins compatible for Editor in 0.86 ms, found 2 plugins.
Preloading 0 native plugins for Editor in 0.00 ms.
Unloading 2084 Unused Serialized files (Serialized files now loaded: 0)
System memory in use before: 101.2 MB.
System memory in use after: 101.3 MB.

Unloading 50 unused Assets to reduce memory usage. Loaded Objects now: 2555.
Total: 6.443800 ms (FindLiveObjects: 0.283700 ms CreateObjectMapping: 0.072900 ms MarkObjects: 6.049100 ms  DeleteObjects: 0.036300 ms)

AssetImportParameters requested are different than current active one (requested -> active):
  custom:framework-win-MediaFoundation: 216162199b28c13a410421893ffa2e32 -> 
  custom:video-decoder-ogg-theora: a1e56fd34408186e4bbccfd4996cb3dc -> 
  custom:container-muxer-webm: aa71ff27fc2769a1b78a27578f13a17b -> 
  custom:container-demuxer-webm: 4f35f7cbe854078d1ac9338744f61a02 -> 
  custom:container-demuxer-ogg: 62fdf1f143b41e24485cea50d1cbac27 -> 
  custom:video-encoder-webm-vp8: eb34c28f22e8b96e1ab97ce403110664 -> 
  custom:video-codec-MediaFoundation-h265: 746d11721c4dcdbdad8f713fa42b33f4 -> 
  custom:video-decoder-webm-vp8: 9c59270c3fd7afecdb556c50c9e8de78 -> 
  custom:audio-decoder-ogg-vorbis: bf7c407c2cedff20999df2af8eb42d56 -> 
  custom:audio-encoder-webm-vorbis: bf7c407c2cedff20999df2af8eb42d56 -> 
========================================================================
Received Import Request.
  Time since last request: 26.967498 seconds.
  path: Assets/Scripts/Parallax.cs
  artifactKey: Guid(3cc4f16d8da8c904884b1613a8d27001) Importer(815301076,1909f56bfc062723c751e8b465ee728b)
Start importing Assets/Scripts/Parallax.cs using Guid(3cc4f16d8da8c904884b1613a8d27001) Importer(815301076,1909f56bfc062723c751e8b465ee728b)  -> (artifact id: '0545624c3bdc990bb3bc9769abe3b3b1') in 0.168644 seconds 
  Import took 0.174039 seconds .

========================================================================
Received Import Request.
  Time since last request: 0.042021 seconds.
  path: Assets/Scripts/Parallax.cs
  artifactKey: Guid(3cc4f16d8da8c904884b1613a8d27001) Importer(815301076,1909f56bfc062723c751e8b465ee728b)
Start importing Assets/Scripts/Parallax.cs using Guid(3cc4f16d8da8c904884b1613a8d27001) Importer(815301076,1909f56bfc062723c751e8b465ee728b)  -> (artifact id: '0545624c3bdc990bb3bc9769abe3b3b1') in 0.004978 seconds 
  Import took 0.010501 seconds .

========================================================================
Received Prepare
Registering precompiled user dll's ...
Registered in 0.005798 seconds.
Begin MonoManager ReloadAssembly
Native extension for WindowsStandalone target not found
Refreshing native plugins compatible for Editor in 1.13 ms, found 2 plugins.
Preloading 0 native plugins for Editor in 0.00 ms.
Mono: successfully reloaded assembly
- Completed reload, in  1.319 seconds
Platform modules already initialized, skipping
Refreshing native plugins compatible for Editor in 1.12 ms, found 2 plugins.
Preloading 0 native plugins for Editor in 0.00 ms.
Unloading 2085 Unused Serialized files (Serialized files now loaded: 0)
System memory in use before: 101.3 MB.
System memory in use after: 101.4 MB.

Unloading 50 unused Assets to reduce memory usage. Loaded Objects now: 2559.
Total: 7.497100 ms (FindLiveObjects: 0.341300 ms CreateObjectMapping: 0.107600 ms MarkObjects: 7.001600 ms  DeleteObjects: 0.043800 ms)

AssetImportParameters requested are different than current active one (requested -> active):
  custom:framework-win-MediaFoundation: 216162199b28c13a410421893ffa2e32 -> 
  custom:video-decoder-ogg-theora: a1e56fd34408186e4bbccfd4996cb3dc -> 
  custom:container-muxer-webm: aa71ff27fc2769a1b78a27578f13a17b -> 
  custom:container-demuxer-webm: 4f35f7cbe854078d1ac9338744f61a02 -> 
  custom:container-demuxer-ogg: 62fdf1f143b41e24485cea50d1cbac27 -> 
  custom:video-encoder-webm-vp8: eb34c28f22e8b96e1ab97ce403110664 -> 
  custom:video-codec-MediaFoundation-h265: 746d11721c4dcdbdad8f713fa42b33f4 -> 
  custom:video-decoder-webm-vp8: 9c59270c3fd7afecdb556c50c9e8de78 -> 
  custom:audio-decoder-ogg-vorbis: bf7c407c2cedff20999df2af8eb42d56 -> 
  custom:audio-encoder-webm-vorbis: bf7c407c2cedff20999df2af8eb42d56 -> 
========================================================================
Received Prepare
Registering precompiled user dll's ...
Registered in 0.008690 seconds.
Begin MonoManager ReloadAssembly
Native extension for WindowsStandalone target not found
Refreshing native plugins compatible for Editor in 0.90 ms, found 2 plugins.
Preloading 0 native plugins for Editor in 0.00 ms.
Mono: successfully reloaded assembly
- Completed reload, in  1.376 seconds
Platform modules already initialized, skipping
Refreshing native plugins compatible for Editor in 0.87 ms, found 2 plugins.
Preloading 0 native plugins for Editor in 0.00 ms.
Unloading 2085 Unused Serialized files (Serialized files now loaded: 0)
System memory in use before: 101.3 MB.
System memory in use after: 101.4 MB.

Unloading 50 unused Assets to reduce memory usage. Loaded Objects now: 2562.
Total: 9.217200 ms (FindLiveObjects: 0.346400 ms CreateObjectMapping: 0.108300 ms MarkObjects: 8.712100 ms  DeleteObjects: 0.047900 ms)

AssetImportParameters requested are different than current active one (requested -> active):
  custom:framework-win-MediaFoundation: 216162199b28c13a410421893ffa2e32 -> 
  custom:video-decoder-ogg-theora: a1e56fd34408186e4bbccfd4996cb3dc -> 
  custom:container-muxer-webm: aa71ff27fc2769a1b78a27578f13a17b -> 
  custom:container-demuxer-webm: 4f35f7cbe854078d1ac9338744f61a02 -> 
  custom:container-demuxer-ogg: 62fdf1f143b41e24485cea50d1cbac27 -> 
  custom:video-encoder-webm-vp8: eb34c28f22e8b96e1ab97ce403110664 -> 
  custom:video-codec-MediaFoundation-h265: 746d11721c4dcdbdad8f713fa42b33f4 -> 
  custom:video-decoder-webm-vp8: 9c59270c3fd7afecdb556c50c9e8de78 -> 
  custom:audio-decoder-ogg-vorbis: bf7c407c2cedff20999df2af8eb42d56 -> 
  custom:audio-encoder-webm-vorbis: bf7c407c2cedff20999df2af8eb42d56 -> 
========================================================================
Received Import Request.
  Time since last request: 1280.099703 seconds.
  path: Assets/Scripts/Parallax.cs
  artifactKey: Guid(3cc4f16d8da8c904884b1613a8d27001) Importer(815301076,1909f56bfc062723c751e8b465ee728b)
Start importing Assets/Scripts/Parallax.cs using Guid(3cc4f16d8da8c904884b1613a8d27001) Importer(815301076,1909f56bfc062723c751e8b465ee728b)  -> (artifact id: '370830e4ed6a4b23009b0654929a9017') in 0.008974 seconds 
  Import took 0.015546 seconds .

========================================================================
Received Import Request.
  Time since last request: 0.026554 seconds.
  path: Assets/Scripts/Parallax.cs
  artifactKey: Guid(3cc4f16d8da8c904884b1613a8d27001) Importer(815301076,1909f56bfc062723c751e8b465ee728b)
Start importing Assets/Scripts/Parallax.cs using Guid(3cc4f16d8da8c904884b1613a8d27001) Importer(815301076,1909f56bfc062723c751e8b465ee728b)  -> (artifact id: '370830e4ed6a4b23009b0654929a9017') in 0.004906 seconds 
  Import took 0.009567 seconds .

========================================================================
Received Prepare
Registering precompiled user dll's ...
Registered in 0.005221 seconds.
Begin MonoManager ReloadAssembly
Native extension for WindowsStandalone target not found
Refreshing native plugins compatible for Editor in 1.12 ms, found 2 plugins.
Preloading 0 native plugins for Editor in 0.00 ms.
Mono: successfully reloaded assembly
- Completed reload, in  1.396 seconds
Platform modules already initialized, skipping
Refreshing native plugins compatible for Editor in 1.13 ms, found 2 plugins.
Preloading 0 native plugins for Editor in 0.00 ms.
Unloading 2085 Unused Serialized files (Serialized files now loaded: 0)
System memory in use before: 101.3 MB.
System memory in use after: 101.4 MB.

Unloading 50 unused Assets to reduce memory usage. Loaded Objects now: 2565.
Total: 9.273600 ms (FindLiveObjects: 0.312100 ms CreateObjectMapping: 0.073400 ms MarkObjects: 8.839400 ms  DeleteObjects: 0.046500 ms)

AssetImportParameters requested are different than current active one (requested -> active):
  custom:framework-win-MediaFoundation: 216162199b28c13a410421893ffa2e32 -> 
  custom:video-decoder-ogg-theora: a1e56fd34408186e4bbccfd4996cb3dc -> 
  custom:container-muxer-webm: aa71ff27fc2769a1b78a27578f13a17b -> 
  custom:container-demuxer-webm: 4f35f7cbe854078d1ac9338744f61a02 -> 
  custom:container-demuxer-ogg: 62fdf1f143b41e24485cea50d1cbac27 -> 
  custom:video-encoder-webm-vp8: eb34c28f22e8b96e1ab97ce403110664 -> 
  custom:video-codec-MediaFoundation-h265: 746d11721c4dcdbdad8f713fa42b33f4 -> 
  custom:video-decoder-webm-vp8: 9c59270c3fd7afecdb556c50c9e8de78 -> 
  custom:audio-decoder-ogg-vorbis: bf7c407c2cedff20999df2af8eb42d56 -> 
  custom:audio-encoder-webm-vorbis: bf7c407c2cedff20999df2af8eb42d56 -> 
========================================================================
Received Prepare
Registering precompiled user dll's ...
Registered in 0.006990 seconds.
Begin MonoManager ReloadAssembly
Native extension for WindowsStandalone target not found
Refreshing native plugins compatible for Editor in 0.88 ms, found 2 plugins.
Preloading 0 native plugins for Editor in 0.00 ms.
Mono: successfully reloaded assembly
- Completed reload, in  1.406 seconds
Platform modules already initialized, skipping
Refreshing native plugins compatible for Editor in 1.01 ms, found 2 plugins.
Preloading 0 native plugins for Editor in 0.00 ms.
Unloading 2085 Unused Serialized files (Serialized files now loaded: 0)
System memory in use before: 101.3 MB.
System memory in use after: 101.4 MB.

Unloading 50 unused Assets to reduce memory usage. Loaded Objects now: 2568.
Total: 8.123000 ms (FindLiveObjects: 0.287100 ms CreateObjectMapping: 0.071900 ms MarkObjects: 7.725000 ms  DeleteObjects: 0.037100 ms)

AssetImportParameters requested are different than current active one (requested -> active):
  custom:framework-win-MediaFoundation: 216162199b28c13a410421893ffa2e32 -> 
  custom:video-decoder-ogg-theora: a1e56fd34408186e4bbccfd4996cb3dc -> 
  custom:container-muxer-webm: aa71ff27fc2769a1b78a27578f13a17b -> 
  custom:container-demuxer-webm: 4f35f7cbe854078d1ac9338744f61a02 -> 
  custom:container-demuxer-ogg: 62fdf1f143b41e24485cea50d1cbac27 -> 
  custom:video-encoder-webm-vp8: eb34c28f22e8b96e1ab97ce403110664 -> 
  custom:video-codec-MediaFoundation-h265: 746d11721c4dcdbdad8f713fa42b33f4 -> 
  custom:video-decoder-webm-vp8: 9c59270c3fd7afecdb556c50c9e8de78 -> 
  custom:audio-decoder-ogg-vorbis: bf7c407c2cedff20999df2af8eb42d56 -> 
  custom:audio-encoder-webm-vorbis: bf7c407c2cedff20999df2af8eb42d56 -> 
========================================================================
Received Prepare
Registering precompiled user dll's ...
Registered in 0.007549 seconds.
Begin MonoManager ReloadAssembly
Native extension for WindowsStandalone target not found
Refreshing native plugins compatible for Editor in 1.03 ms, found 2 plugins.
Preloading 0 native plugins for Editor in 0.00 ms.
Mono: successfully reloaded assembly
- Completed reload, in  1.461 seconds
Platform modules already initialized, skipping
Refreshing native plugins compatible for Editor in 0.89 ms, found 2 plugins.
Preloading 0 native plugins for Editor in 0.00 ms.
Unloading 2085 Unused Serialized files (Serialized files now loaded: 0)
System memory in use before: 101.3 MB.
System memory in use after: 101.4 MB.

Unloading 50 unused Assets to reduce memory usage. Loaded Objects now: 2571.
Total: 7.185900 ms (FindLiveObjects: 0.269600 ms CreateObjectMapping: 0.065700 ms MarkObjects: 6.812300 ms  DeleteObjects: 0.036500 ms)

AssetImportParameters requested are different than current active one (requested -> active):
  custom:framework-win-MediaFoundation: 216162199b28c13a410421893ffa2e32 -> 
  custom:video-decoder-ogg-theora: a1e56fd34408186e4bbccfd4996cb3dc -> 
  custom:container-muxer-webm: aa71ff27fc2769a1b78a27578f13a17b -> 
  custom:container-demuxer-webm: 4f35f7cbe854078d1ac9338744f61a02 -> 
  custom:container-demuxer-ogg: 62fdf1f143b41e24485cea50d1cbac27 -> 
  custom:video-encoder-webm-vp8: eb34c28f22e8b96e1ab97ce403110664 -> 
  custom:video-codec-MediaFoundation-h265: 746d11721c4dcdbdad8f713fa42b33f4 -> 
  custom:video-decoder-webm-vp8: 9c59270c3fd7afecdb556c50c9e8de78 -> 
  custom:audio-decoder-ogg-vorbis: bf7c407c2cedff20999df2af8eb42d56 -> 
  custom:audio-encoder-webm-vorbis: bf7c407c2cedff20999df2af8eb42d56 -> 
========================================================================
Received Prepare
Registering precompiled user dll's ...
Registered in 0.004787 seconds.
Begin MonoManager ReloadAssembly
Native extension for WindowsStandalone target not found
Refreshing native plugins compatible for Editor in 1.01 ms, found 2 plugins.
Preloading 0 native plugins for Editor in 0.00 ms.
Mono: successfully reloaded assembly
- Completed reload, in  1.280 seconds
Platform modules already initialized, skipping
Refreshing native plugins compatible for Editor in 0.93 ms, found 2 plugins.
Preloading 0 native plugins for Editor in 0.00 ms.
Unloading 2085 Unused Serialized files (Serialized files now loaded: 0)
System memory in use before: 101.3 MB.
System memory in use after: 101.4 MB.

Unloading 50 unused Assets to reduce memory usage. Loaded Objects now: 2574.
Total: 7.221900 ms (FindLiveObjects: 0.335600 ms CreateObjectMapping: 0.066200 ms MarkObjects: 6.776700 ms  DeleteObjects: 0.041200 ms)

AssetImportParameters requested are different than current active one (requested -> active):
  custom:framework-win-MediaFoundation: 216162199b28c13a410421893ffa2e32 -> 
  custom:video-decoder-ogg-theora: a1e56fd34408186e4bbccfd4996cb3dc -> 
  custom:container-muxer-webm: aa71ff27fc2769a1b78a27578f13a17b -> 
  custom:container-demuxer-webm: 4f35f7cbe854078d1ac9338744f61a02 -> 
  custom:container-demuxer-ogg: 62fdf1f143b41e24485cea50d1cbac27 -> 
  custom:video-encoder-webm-vp8: eb34c28f22e8b96e1ab97ce403110664 -> 
  custom:video-codec-MediaFoundation-h265: 746d11721c4dcdbdad8f713fa42b33f4 -> 
  custom:video-decoder-webm-vp8: 9c59270c3fd7afecdb556c50c9e8de78 -> 
  custom:audio-decoder-ogg-vorbis: bf7c407c2cedff20999df2af8eb42d56 -> 
  custom:audio-encoder-webm-vorbis: bf7c407c2cedff20999df2af8eb42d56 -> 
========================================================================
Received Prepare
Registering precompiled user dll's ...
Registered in 0.007449 seconds.
Begin MonoManager ReloadAssembly
Native extension for WindowsStandalone target not found
Refreshing native plugins compatible for Editor in 1.30 ms, found 2 plugins.
Preloading 0 native plugins for Editor in 0.00 ms.
Mono: successfully reloaded assembly
- Completed reload, in  1.367 seconds
Platform modules already initialized, skipping
Refreshing native plugins compatible for Editor in 1.14 ms, found 2 plugins.
Preloading 0 native plugins for Editor in 0.00 ms.
Unloading 2085 Unused Serialized files (Serialized files now loaded: 0)
System memory in use before: 101.3 MB.
System memory in use after: 101.4 MB.

Unloading 50 unused Assets to reduce memory usage. Loaded Objects now: 2577.
Total: 8.237200 ms (FindLiveObjects: 0.299300 ms CreateObjectMapping: 0.072700 ms MarkObjects: 7.823200 ms  DeleteObjects: 0.039900 ms)

AssetImportParameters requested are different than current active one (requested -> active):
  custom:framework-win-MediaFoundation: 216162199b28c13a410421893ffa2e32 -> 
  custom:video-decoder-ogg-theora: a1e56fd34408186e4bbccfd4996cb3dc -> 
  custom:container-muxer-webm: aa71ff27fc2769a1b78a27578f13a17b -> 
  custom:container-demuxer-webm: 4f35f7cbe854078d1ac9338744f61a02 -> 
  custom:container-demuxer-ogg: 62fdf1f143b41e24485cea50d1cbac27 -> 
  custom:video-encoder-webm-vp8: eb34c28f22e8b96e1ab97ce403110664 -> 
  custom:video-codec-MediaFoundation-h265: 746d11721c4dcdbdad8f713fa42b33f4 -> 
  custom:video-decoder-webm-vp8: 9c59270c3fd7afecdb556c50c9e8de78 -> 
  custom:audio-decoder-ogg-vorbis: bf7c407c2cedff20999df2af8eb42d56 -> 
  custom:audio-encoder-webm-vorbis: bf7c407c2cedff20999df2af8eb42d56 -> 
========================================================================
Received Prepare
Registering precompiled user dll's ...
Registered in 0.006672 seconds.
Begin MonoManager ReloadAssembly
Native extension for WindowsStandalone target not found
Refreshing native plugins compatible for Editor in 1.12 ms, found 2 plugins.
Preloading 0 native plugins for Editor in 0.00 ms.
Mono: successfully reloaded assembly
- Completed reload, in  1.393 seconds
Platform modules already initialized, skipping
Refreshing native plugins compatible for Editor in 1.18 ms, found 2 plugins.
Preloading 0 native plugins for Editor in 0.00 ms.
Unloading 2085 Unused Serialized files (Serialized files now loaded: 0)
System memory in use before: 101.3 MB.
System memory in use after: 101.4 MB.

Unloading 50 unused Assets to reduce memory usage. Loaded Objects now: 2580.
Total: 6.917900 ms (FindLiveObjects: 0.260300 ms CreateObjectMapping: 0.054100 ms MarkObjects: 6.546100 ms  DeleteObjects: 0.054900 ms)

AssetImportParameters requested are different than current active one (requested -> active):
  custom:framework-win-MediaFoundation: 216162199b28c13a410421893ffa2e32 -> 
  custom:video-decoder-ogg-theora: a1e56fd34408186e4bbccfd4996cb3dc -> 
  custom:container-muxer-webm: aa71ff27fc2769a1b78a27578f13a17b -> 
  custom:container-demuxer-webm: 4f35f7cbe854078d1ac9338744f61a02 -> 
  custom:container-demuxer-ogg: 62fdf1f143b41e24485cea50d1cbac27 -> 
  custom:video-encoder-webm-vp8: eb34c28f22e8b96e1ab97ce403110664 -> 
  custom:video-codec-MediaFoundation-h265: 746d11721c4dcdbdad8f713fa42b33f4 -> 
  custom:video-decoder-webm-vp8: 9c59270c3fd7afecdb556c50c9e8de78 -> 
  custom:audio-decoder-ogg-vorbis: bf7c407c2cedff20999df2af8eb42d56 -> 
  custom:audio-encoder-webm-vorbis: bf7c407c2cedff20999df2af8eb42d56 -> 
========================================================================
Received Prepare
Registering precompiled user dll's ...
Registered in 0.007998 seconds.
Begin MonoManager ReloadAssembly
Native extension for WindowsStandalone target not found
Refreshing native plugins compatible for Editor in 1.67 ms, found 2 plugins.
Preloading 0 native plugins for Editor in 0.00 ms.
Mono: successfully reloaded assembly
- Completed reload, in  2.364 seconds
Platform modules already initialized, skipping
Refreshing native plugins compatible for Editor in 1.27 ms, found 2 plugins.
Preloading 0 native plugins for Editor in 0.00 ms.
Unloading 2085 Unused Serialized files (Serialized files now loaded: 0)
System memory in use before: 101.3 MB.
System memory in use after: 101.4 MB.

Unloading 50 unused Assets to reduce memory usage. Loaded Objects now: 2583.
Total: 11.160900 ms (FindLiveObjects: 0.351500 ms CreateObjectMapping: 0.079500 ms MarkObjects: 10.635200 ms  DeleteObjects: 0.091900 ms)

AssetImportParameters requested are different than current active one (requested -> active):
  custom:framework-win-MediaFoundation: 216162199b28c13a410421893ffa2e32 -> 
  custom:video-decoder-ogg-theora: a1e56fd34408186e4bbccfd4996cb3dc -> 
  custom:container-muxer-webm: aa71ff27fc2769a1b78a27578f13a17b -> 
  custom:container-demuxer-webm: 4f35f7cbe854078d1ac9338744f61a02 -> 
  custom:container-demuxer-ogg: 62fdf1f143b41e24485cea50d1cbac27 -> 
  custom:video-encoder-webm-vp8: eb34c28f22e8b96e1ab97ce403110664 -> 
  custom:video-codec-MediaFoundation-h265: 746d11721c4dcdbdad8f713fa42b33f4 -> 
  custom:video-decoder-webm-vp8: 9c59270c3fd7afecdb556c50c9e8de78 -> 
  custom:audio-decoder-ogg-vorbis: bf7c407c2cedff20999df2af8eb42d56 -> 
  custom:audio-encoder-webm-vorbis: bf7c407c2cedff20999df2af8eb42d56 -> 
AssetImportWorkerClient::OnTransportError - code=2 error=End of file
